This is pdfTeX, Version 3.14159265-2.6-1.40.21 (MiKTeX 20.10) (preloaded format=pdflatex 2020.10.14)  31 OCT 2020 21:11
entering extended mode
**d:/Escritorio/upt/calidad_y_pruebas_de_software/1/trabajos/Trabajo-Final-Unidad-I-Proyecto/Trabajo-Final-Unidad-I.tex
(d:/Escritorio/upt/calidad_y_pruebas_de_software/1/trabajos/Trabajo-Final-Unidad-I-Proyecto/Trabajo-Final-Unidad-I.tex
LaTeX2e <2020-10-01> patch level 1
L3 programming layer <2020-10-05> xparse <2020-03-03> (C:\Users\AbrahamLIPACALABILLA\AppData\Local\Programs\MiKTeX\tex/latex/elsarticle\elsarticle.cls
Document Class: elsarticle 2019/02/25, 3.2: Elsevier Ltd
\@bls=\dimen138
(C:\Users\AbrahamLIPACALABILLA\AppData\Local\Programs\MiKTeX\tex/latex/base\article.cls
Document Class: article 2020/04/10 v1.4m Standard LaTeX document class
(C:\Users\AbrahamLIPACALABILLA\AppData\Local\Programs\MiKTeX\tex/latex/base\size12.clo
File: size12.clo 2020/04/10 v1.4m Standard LaTeX file (size option)
)
\c@part=\count175
\c@section=\count176
\c@subsection=\count177
\c@subsubsection=\count178
\c@paragraph=\count179
\c@subparagraph=\count180
\c@figure=\count181
\c@table=\count182
\abovecaptionskip=\skip47
\belowcaptionskip=\skip48
\bibindent=\dimen139
) (C:\Users\AbrahamLIPACALABILLA\AppData\Local\Programs\MiKTeX\tex/latex/graphics\graphicx.sty
Package: graphicx 2020/09/09 v1.2b Enhanced LaTeX Graphics (DPC,SPQR)
 (C:\Users\AbrahamLIPACALABILLA\AppData\Local\Programs\MiKTeX\tex/latex/graphics\keyval.sty
Package: keyval 2014/10/28 v1.15 key=value parser (DPC)
\KV@toks@=\toks15
) (C:\Users\AbrahamLIPACALABILLA\AppData\Local\Programs\MiKTeX\tex/latex/graphics\graphics.sty
Package: graphics 2020/08/30 v1.4c Standard LaTeX Graphics (DPC,SPQR)
 (C:\Users\AbrahamLIPACALABILLA\AppData\Local\Programs\MiKTeX\tex/latex/graphics\trig.sty
Package: trig 2016/01/03 v1.10 sin cos tan (DPC)
) (C:\Users\AbrahamLIPACALABILLA\AppData\Local\Programs\MiKTeX\tex/latex/graphics-cfg\graphics.cfg
File: graphics.cfg 2016/06/04 v1.11 sample graphics configuration
)
Package graphics Info: Driver file: pdftex.def on input line 105.
 (C:\Users\AbrahamLIPACALABILLA\AppData\Local\Programs\MiKTeX\tex/latex/graphics-def\pdftex.def
File: pdftex.def 2020/10/05 v1.2a Graphics/color driver for pdftex
))
\Gin@req@height=\dimen140
\Gin@req@width=\dimen141
)
\c@tnote=\count183
\c@fnote=\count184
\c@cnote=\count185
\c@ead=\count186
\c@author=\count187
\@eadauthor=\toks16
\c@affn=\count188
\absbox=\box47
\elsarticlehighlightsbox=\box48
\elsarticlegrabsbox=\box49
\keybox=\box50
\Columnwidth=\dimen142
\space@left=\dimen143
\els@boxa=\box51
\els@boxb=\box52
\leftMargin=\dimen144
\@enLab=\toks17
\@sep=\skip49
\@@sep=\skip50
 (d:/Escritorio\upt\calidad_y_pruebas_de_software\1\trabajos\Trabajo-Final-Unidad-I-Proyecto\Trabajo-Final-Unidad-I.spl) (C:\Users\AbrahamLIPACALABILLA\AppData\Local\Programs\MiKTeX\tex/latex/natbib\natbib.sty
Package: natbib 2010/09/13 8.31b (PWD, AO)
\bibhang=\skip51
\bibsep=\skip52
LaTeX Info: Redefining \cite on input line 694.
\c@NAT@ctr=\count189
)
\splwrite=\write3
\openout3 = `Trabajo-Final-Unidad-I.spl'.

\appnamewidth=\dimen145
) (C:\Users\AbrahamLIPACALABILLA\AppData\Local\Programs\MiKTeX\tex/generic/babel\babel.sty
Package: babel 2020/10/06 3.50 The Babel package
 (C:\Users\AbrahamLIPACALABILLA\AppData\Local\Programs\MiKTeX\tex/generic/babel\babel.def
File: babel.def 2020/10/06 3.50 Babel common definitions
\babel@savecnt=\count190
\U@D=\dimen146
\l@babelnohyphens=\language79
 (C:\Users\AbrahamLIPACALABILLA\AppData\Local\Programs\MiKTeX\tex/generic/babel\txtbabel.def)
\bbl@readstream=\read2
)
\bbl@dirlevel=\count191

*************************************
* Local config file bblopts.cfg used
*
(C:\Users\AbrahamLIPACALABILLA\AppData\Local\Programs\MiKTeX\tex/latex/arabi\bblopts.cfg
File: bblopts.cfg 2005/09/08 v0.1 add Arabic and Farsi to "declared" options of babel
) (C:\Users\AbrahamLIPACALABILLA\AppData\Local\Programs\MiKTeX\tex/latex/babel-spanish\spanish.ldf
Language: spanish.ldf 2016/03/03 v5.0p Spanish support from the babel system
\es@quottoks=\toks18
\es@quotdepth=\count192
Package babel Info: Making " an active character on input line 561.
Package babel Info: Making . an active character on input line 662.
Package babel Info: Making < an active character on input line 707.
Package babel Info: Making > an active character on input line 707.
)) (C:\Users\AbrahamLIPACALABILLA\AppData\Local\Programs\MiKTeX\tex/latex/amsfonts\amssymb.sty
Package: amssymb 2013/01/14 v3.01 AMS font symbols
 (C:\Users\AbrahamLIPACALABILLA\AppData\Local\Programs\MiKTeX\tex/latex/amsfonts\amsfonts.sty
Package: amsfonts 2013/01/14 v3.01 Basic AMSFonts support
\@emptytoks=\toks19
\symAMSa=\mathgroup4
\symAMSb=\mathgroup5
LaTeX Font Info:    Redeclaring math symbol \hbar on input line 98.
LaTeX Font Info:    Overwriting math alphabet `\mathfrak' in version `bold'
(Font)                  U/euf/m/n --> U/euf/b/n on input line 106.
)) (C:\Users\AbrahamLIPACALABILLA\AppData\Local\Programs\MiKTeX\tex/latex/lineno\lineno.sty
Package: lineno 2005/11/02 line numbers on paragraphs v4.41
\linenopenalty=\count193
\output=\toks20
\linenoprevgraf=\count194
\linenumbersep=\dimen147
\linenumberwidth=\dimen148
\c@linenumber=\count195
\c@pagewiselinenumber=\count196
\c@LN@truepage=\count197
\c@internallinenumber=\count198
\c@internallinenumbers=\count199
\quotelinenumbersep=\dimen149
\bframerule=\dimen150
\bframesep=\dimen151
\bframebox=\box53
LaTeX Info: Redefining \\ on input line 3056.
) (C:\Users\AbrahamLIPACALABILLA\AppData\Local\Programs\MiKTeX\tex/latex/base\inputenc.sty
Package: inputenc 2020/08/01 v1.3d Input encoding file
\inpenc@prehook=\toks21
\inpenc@posthook=\toks22
) (C:\Users\AbrahamLIPACALABILLA\AppData\Local\Programs\MiKTeX\tex/latex/url\url.sty
\Urlmuskip=\muskip16
Package: url 2013/09/16  ver 3.4  Verb mode for urls, etc.
) (C:\Users\AbrahamLIPACALABILLA\AppData\Local\Programs\MiKTeX\tex/latex/l3backend\l3backend-pdftex.def
File: l3backend-pdftex.def 2020-09-24 L3 backend support: PDF output (pdfTeX)
\l__kernel_color_stack_int=\count266
\l__pdf_internal_box=\box54
) (d:/Escritorio\upt\calidad_y_pruebas_de_software\1\trabajos\Trabajo-Final-Unidad-I-Proyecto\Trabajo-Final-Unidad-I.aux
LaTeX Info: Redefining \. on input line 8.
LaTeX Info: Redefining \% on input line 8.
)
\openout1 = `Trabajo-Final-Unidad-I.aux'.

LaTeX Font Info:    Checking defaults for OML/cmm/m/it on input line 11.
LaTeX Font Info:    ... okay on input line 11.
LaTeX Font Info:    Checking defaults for OMS/cmsy/m/n on input line 11.
LaTeX Font Info:    ... okay on input line 11.
LaTeX Font Info:    Checking defaults for OT1/cmr/m/n on input line 11.
LaTeX Font Info:    ... okay on input line 11.
LaTeX Font Info:    Checking defaults for T1/cmr/m/n on input line 11.
LaTeX Font Info:    ... okay on input line 11.
LaTeX Font Info:    Checking defaults for TS1/cmr/m/n on input line 11.
LaTeX Font Info:    ... okay on input line 11.
LaTeX Font Info:    Checking defaults for OMX/cmex/m/n on input line 11.
LaTeX Font Info:    ... okay on input line 11.
LaTeX Font Info:    Checking defaults for U/cmr/m/n on input line 11.
LaTeX Font Info:    ... okay on input line 11.
 (C:\Users\AbrahamLIPACALABILLA\AppData\Local\Programs\MiKTeX\tex/context/base/mkii\supp-pdf.mkii
[Loading MPS to PDF converter (version 2006.09.02).]
\scratchcounter=\count267
\scratchdimen=\dimen152
\scratchbox=\box55
\nofMPsegments=\count268
\nofMParguments=\count269
\everyMPshowfont=\toks23
\MPscratchCnt=\count270
\MPscratchDim=\dimen153
\MPnumerator=\count271
\makeMPintoPDFobject=\count272
\everyMPtoPDFconversion=\toks24
) (C:\Users\AbrahamLIPACALABILLA\AppData\Local\Programs\MiKTeX\tex/latex/epstopdf-pkg\epstopdf-base.sty
Package: epstopdf-base 2020-01-24 v2.11 Base part for package epstopdf
Package epstopdf-base Info: Redefining graphics rule for `.eps' on input line 485.
)
LaTeX Info: Redefining \. on input line 11.
LaTeX Info: Redefining \% on input line 11.
LaTeX Font Info:    Trying to load font information for U+msa on input line 34.
 (C:\Users\AbrahamLIPACALABILLA\AppData\Local\Programs\MiKTeX\tex/latex/amsfonts\umsa.fd
File: umsa.fd 2013/01/14 v3.01 AMS symbols A
)
LaTeX Font Info:    Trying to load font information for U+msb on input line 34.
 (C:\Users\AbrahamLIPACALABILLA\AppData\Local\Programs\MiKTeX\tex/latex/amsfonts\umsb.fd
File: umsb.fd 2013/01/14 v3.01 AMS symbols B
)
Overfull \hbox (2.61108pt too wide) has occurred while \output is active
[] 
 []

[1


{C:/Users/AbrahamLIPACALABILLA/AppData/Local/MiKTeX/pdftex/config/pdftex.map}] [2] [3]
<./imagen/Screenshot_2020-10-30 Code.png, id=17, 1333.98375pt x 467.7475pt>
File: ./imagen/Screenshot_2020-10-30 Code.png Graphic file (type png)
<use ./imagen/Screenshot_2020-10-30 Code.png>
Package pdftex.def Info: ./imagen/Screenshot_2020-10-30 Code.png  used on input line 107.
(pdftex.def)             Requested size: 341.43306pt x 119.72011pt.
 [4 <./imagen/Screenshot_2020-10-30 Code.png>]
<./imagen/5.png, id=23, 447.92343pt x 180.675pt>
File: ./imagen/5.png Graphic file (type png)
<use ./imagen/5.png>
Package pdftex.def Info: ./imagen/5.png  used on input line 120.
(pdftex.def)             Requested size: 341.43306pt x 137.72519pt.
<./imagen/20.png, id=24, 983.17313pt x 551.81157pt>
File: ./imagen/20.png Graphic file (type png)
<use ./imagen/20.png>
Package pdftex.def Info: ./imagen/20.png  used on input line 126.
(pdftex.def)             Requested size: 341.43306pt x 191.62976pt.
 [5 <./imagen/5.png> <./imagen/20.png>]
<./imagen/Screenshot_2020-10-30 Project Overview.png, id=30, 981.6675pt x 596.2275pt>
File: ./imagen/Screenshot_2020-10-30 Project Overview.png Graphic file (type png)
<use ./imagen/Screenshot_2020-10-30 Project Overview.png>
Package pdftex.def Info: ./imagen/Screenshot_2020-10-30 Project Overview.png  used on input line 136.
(pdftex.def)             Requested size: 341.43306pt x 207.37268pt.
<./imagen/Screenshot_2020-10-30 Duplications Overview.png, id=31, 982.67125pt x 523.9575pt>
File: ./imagen/Screenshot_2020-10-30 Duplications Overview.png Graphic file (type png)
<use ./imagen/Screenshot_2020-10-30 Duplications Overview.png>
Package pdftex.def Info: ./imagen/Screenshot_2020-10-30 Duplications Overview.png  used on input line 141.
(pdftex.def)             Requested size: 341.43306pt x 182.05272pt.
<./imagen/Screenshot_2020-10-30 Maintainability Overview.png, id=32, 981.6675pt x 595.22375pt>
File: ./imagen/Screenshot_2020-10-30 Maintainability Overview.png Graphic file (type png)
<use ./imagen/Screenshot_2020-10-30 Maintainability Overview.png>
Package pdftex.def Info: ./imagen/Screenshot_2020-10-30 Maintainability Overview.png  used on input line 146.
(pdftex.def)             Requested size: 341.43306pt x 207.02357pt.
 [6 <./imagen/Screenshot_2020-10-30 Project Overview.png> <./imagen/Screenshot_2020-10-30 Duplications Overview.png>]
<./imagen/Screenshot_2020-10-30 Security Overview.png, id=38, 981.6675pt x 595.22375pt>
File: ./imagen/Screenshot_2020-10-30 Security Overview.png Graphic file (type png)
<use ./imagen/Screenshot_2020-10-30 Security Overview.png>
Package pdftex.def Info: ./imagen/Screenshot_2020-10-30 Security Overview.png  used on input line 151.
(pdftex.def)             Requested size: 341.43306pt x 207.02357pt.
<./imagen/casouso.png, id=39, 536.0025pt x 481.8pt>
File: ./imagen/casouso.png Graphic file (type png)
<use ./imagen/casouso.png>
Package pdftex.def Info: ./imagen/casouso.png  used on input line 159.
(pdftex.def)             Requested size: 341.43306pt x 306.90266pt.
 [7 <./imagen/Screenshot_2020-10-30 Maintainability Overview.png> <./imagen/Screenshot_2020-10-30 Security Overview.png>]
<./imagen/capas.jpg, id=46, 183.68625pt x 284.06125pt>
File: ./imagen/capas.jpg Graphic file (type jpg)
<use ./imagen/capas.jpg>
Package pdftex.def Info: ./imagen/capas.jpg  used on input line 171.
(pdftex.def)             Requested size: 199.16928pt x 308.02553pt.
 [8 <./imagen/casouso.png>]
<./imagen/vistalogica.png, id=51, 625.58719pt x 458.46281pt>
File: ./imagen/vistalogica.png Graphic file (type png)
<use ./imagen/vistalogica.png>
Package pdftex.def Info: ./imagen/vistalogica.png  used on input line 173.
(pdftex.def)             Requested size: 341.43306pt x 250.22455pt.
 [9 <./imagen/capas.jpg>]
<./imagen/Screenshot_1.png, id=55, 236.38312pt x 91.84312pt>
File: ./imagen/Screenshot_1.png Graphic file (type png)
<use ./imagen/Screenshot_1.png>
Package pdftex.def Info: ./imagen/Screenshot_1.png  used on input line 178.
(pdftex.def)             Requested size: 199.16928pt x 77.38591pt.
<./imagen/diagrmclasesvistaprocesos.png, id=56, 592.46344pt x 415.5525pt>
File: ./imagen/diagrmclasesvistaprocesos.png Graphic file (type png)
<use ./imagen/diagrmclasesvistaprocesos.png>
Package pdftex.def Info: ./imagen/diagrmclasesvistaprocesos.png  used on input line 183.
(pdftex.def)             Requested size: 341.43306pt x 239.48613pt.
 [10 <./imagen/vistalogica.png> <./imagen/Screenshot_1.png>]
<./imagen/code_1.png, id=62, 1750.54pt x 1264.725pt>
File: ./imagen/code_1.png Graphic file (type png)
<use ./imagen/code_1.png>
Package pdftex.def Info: ./imagen/code_1.png  used on input line 194.
(pdftex.def)             Requested size: 341.43306pt x 246.66862pt.
<./imagen/code_2.png, id=63, 1766.6pt x 1132.23pt>
File: ./imagen/code_2.png Graphic file (type png)
<use ./imagen/code_2.png>
Package pdftex.def Info: ./imagen/code_2.png  used on input line 195.
(pdftex.def)             Requested size: 341.43306pt x 218.82309pt.
<./imagen/code_3.png, id=64, 1638.12pt x 867.24pt>
File: ./imagen/code_3.png Graphic file (type png)
<use ./imagen/code_3.png>
Package pdftex.def Info: ./imagen/code_3.png  used on input line 196.
(pdftex.def)             Requested size: 341.43306pt x 180.74954pt.
 [11 <./imagen/diagrmclasesvistaprocesos.png>] [12 <./imagen/code_1.png> <./imagen/code_2.png>]
<./imagen/Screenshot_2.png, id=74, 288.3272pt x 112.92188pt>
File: ./imagen/Screenshot_2.png Graphic file (type png)
<use ./imagen/Screenshot_2.png>
Package pdftex.def Info: ./imagen/Screenshot_2.png  used on input line 202.
(pdftex.def)             Requested size: 341.43306pt x 133.72565pt.
File: ./imagen/20.png Graphic file (type png)
<use ./imagen/20.png>
Package pdftex.def Info: ./imagen/20.png  used on input line 212.
(pdftex.def)             Requested size: 341.43306pt x 191.62976pt.
 [13 <./imagen/code_3.png> <./imagen/Screenshot_2.png>]
<./imagen/21.png, id=81, 982.42032pt x 502.12593pt>
File: ./imagen/21.png Graphic file (type png)
<use ./imagen/21.png>
Package pdftex.def Info: ./imagen/21.png  used on input line 216.
(pdftex.def)             Requested size: 341.43306pt x 174.5055pt.
<./imagen/22.png, id=82, 859.71187pt x 253.69781pt>
File: ./imagen/22.png Graphic file (type png)
<use ./imagen/22.png>
Package pdftex.def Info: ./imagen/22.png  used on input line 220.
(pdftex.def)             Requested size: 341.43306pt x 100.7573pt.
 [14 <./imagen/21.png> <./imagen/22.png>] (d:/Escritorio\upt\calidad_y_pruebas_de_software\1\trabajos\Trabajo-Final-Unidad-I-Proyecto\Trabajo-Final-Unidad-I.aux
LaTeX Info: Redefining \. on input line 8.
LaTeX Info: Redefining \% on input line 8.
) ) 
Here is how much of TeX's memory you used:
 3907 strings out of 480236
 57403 string characters out of 2873432
 338551 words of memory out of 3000000
 20417 multiletter control sequences out of 15000+200000
 541690 words of font info for 53 fonts, out of 3000000 for 9000
 1141 hyphenation exceptions out of 8191
 72i,5n,77p,814b,361s stack positions out of 5000i,500n,10000p,200000b,50000s
<C:/Users/AbrahamLIPACALABILLA/AppData/Local/Programs/MiKTeX/fonts/type1/public/amsfonts/cm/cmbx12.pfb><C:/Users/AbrahamLIPACALABILLA/AppData/Local/Programs/MiKTeX/fonts/type1/public/amsfonts/cm/cmbxti10.pfb><C:/Users/AbrahamLIPACALABILLA/AppData/Local/Programs/MiKTeX/fonts/type1/public/amsfonts/cm/cmr12.pfb><C:/Users/AbrahamLIPACALABILLA/AppData/Local/Programs/MiKTeX/fonts/type1/public/amsfonts/cm/cmr17.pfb><C:/Users/AbrahamLIPACALABILLA/AppData/Local/Programs/MiKTeX/fonts/type1/public/amsfonts/cm/cmti10.pfb><C:/Users/AbrahamLIPACALABILLA/AppData/Local/Programs/MiKTeX/fonts/type1/public/amsfonts/cm/cmti12.pfb>
Output written on d:/Escritorio\upt\calidad_y_pruebas_de_software\1\trabajos\Trabajo-Final-Unidad-I-Proyecto\Trabajo-Final-Unidad-I.pdf (14 pages, 1004969 bytes).
PDF statistics:
 108 PDF objects out of 1000 (max. 8388607)
 0 named destinations out of 1000 (max. 500000)
 91 words of extra memory for PDF output out of 10000 (max. 10000000)

