This is pdfTeX, Version 3.14159265-2.6-1.40.21 (MiKTeX 20.10) (preloaded format=pdflatex 2020.10.14)  31 OCT 2020 01:23
entering extended mode
**d:/Escritorio/upt/calidad_y_pruebas_de_software/1/trabajos/Trabajo-Final-Unidad-I-Proyecto-Temp/Trabajo-Final-Unidad-I.tex
(d:/Escritorio/upt/calidad_y_pruebas_de_software/1/trabajos/Trabajo-Final-Unidad-I-Proyecto-Temp/Trabajo-Final-Unidad-I.tex
LaTeX2e <2020-10-01> patch level 1
L3 programming layer <2020-10-05> xparse <2020-03-03> (C:\Users\AbrahamLIPACALABILLA\AppData\Local\Programs\MiKTeX\tex/latex/elsarticle\elsarticle.cls
Document Class: elsarticle 2019/02/25, 3.2: Elsevier Ltd
\@bls=\dimen138
(C:\Users\AbrahamLIPACALABILLA\AppData\Local\Programs\MiKTeX\tex/latex/base\article.cls
Document Class: article 2020/04/10 v1.4m Standard LaTeX document class
(C:\Users\AbrahamLIPACALABILLA\AppData\Local\Programs\MiKTeX\tex/latex/base\size12.clo
File: size12.clo 2020/04/10 v1.4m Standard LaTeX file (size option)
)
\c@part=\count175
\c@section=\count176
\c@subsection=\count177
\c@subsubsection=\count178
\c@paragraph=\count179
\c@subparagraph=\count180
\c@figure=\count181
\c@table=\count182
\abovecaptionskip=\skip47
\belowcaptionskip=\skip48
\bibindent=\dimen139
) (C:\Users\AbrahamLIPACALABILLA\AppData\Local\Programs\MiKTeX\tex/latex/graphics\graphicx.sty
Package: graphicx 2020/09/09 v1.2b Enhanced LaTeX Graphics (DPC,SPQR)
 (C:\Users\AbrahamLIPACALABILLA\AppData\Local\Programs\MiKTeX\tex/latex/graphics\keyval.sty
Package: keyval 2014/10/28 v1.15 key=value parser (DPC)
\KV@toks@=\toks15
) (C:\Users\AbrahamLIPACALABILLA\AppData\Local\Programs\MiKTeX\tex/latex/graphics\graphics.sty
Package: graphics 2020/08/30 v1.4c Standard LaTeX Graphics (DPC,SPQR)
 (C:\Users\AbrahamLIPACALABILLA\AppData\Local\Programs\MiKTeX\tex/latex/graphics\trig.sty
Package: trig 2016/01/03 v1.10 sin cos tan (DPC)
) (C:\Users\AbrahamLIPACALABILLA\AppData\Local\Programs\MiKTeX\tex/latex/graphics-cfg\graphics.cfg
File: graphics.cfg 2016/06/04 v1.11 sample graphics configuration
)
Package graphics Info: Driver file: pdftex.def on input line 105.
 (C:\Users\AbrahamLIPACALABILLA\AppData\Local\Programs\MiKTeX\tex/latex/graphics-def\pdftex.def
File: pdftex.def 2020/10/05 v1.2a Graphics/color driver for pdftex
))
\Gin@req@height=\dimen140
\Gin@req@width=\dimen141
)
\c@tnote=\count183
\c@fnote=\count184
\c@cnote=\count185
\c@ead=\count186
\c@author=\count187
\@eadauthor=\toks16
\c@affn=\count188
\absbox=\box47
\elsarticlehighlightsbox=\box48
\elsarticlegrabsbox=\box49
\keybox=\box50
\Columnwidth=\dimen142
\space@left=\dimen143
\els@boxa=\box51
\els@boxb=\box52
\leftMargin=\dimen144
\@enLab=\toks17
\@sep=\skip49
\@@sep=\skip50
 (d:/Escritorio\upt\calidad_y_pruebas_de_software\1\trabajos\Trabajo-Final-Unidad-I-Proyecto-Temp\build\Trabajo-Final-Unidad-I.spl) (C:\Users\AbrahamLIPACALABILLA\AppData\Local\Programs\MiKTeX\tex/latex/natbib\natbib.sty
Package: natbib 2010/09/13 8.31b (PWD, AO)
\bibhang=\skip51
\bibsep=\skip52
LaTeX Info: Redefining \cite on input line 694.
\c@NAT@ctr=\count189
)
\splwrite=\write3
\openout3 = `Trabajo-Final-Unidad-I.spl'.

\appnamewidth=\dimen145
) (C:\Users\AbrahamLIPACALABILLA\AppData\Local\Programs\MiKTeX\tex/generic/babel\babel.sty
Package: babel 2020/10/06 3.50 The Babel package
 (C:\Users\AbrahamLIPACALABILLA\AppData\Local\Programs\MiKTeX\tex/generic/babel\babel.def
File: babel.def 2020/10/06 3.50 Babel common definitions
\babel@savecnt=\count190
\U@D=\dimen146
\l@babelnohyphens=\language79
 (C:\Users\AbrahamLIPACALABILLA\AppData\Local\Programs\MiKTeX\tex/generic/babel\txtbabel.def)
\bbl@readstream=\read2
)
\bbl@dirlevel=\count191

*************************************
* Local config file bblopts.cfg used
*
(C:\Users\AbrahamLIPACALABILLA\AppData\Local\Programs\MiKTeX\tex/latex/arabi\bblopts.cfg
File: bblopts.cfg 2005/09/08 v0.1 add Arabic and Farsi to "declared" options of babel
) (C:\Users\AbrahamLIPACALABILLA\AppData\Local\Programs\MiKTeX\tex/latex/babel-spanish\spanish.ldf
Language: spanish.ldf 2016/03/03 v5.0p Spanish support from the babel system
\es@quottoks=\toks18
\es@quotdepth=\count192
Package babel Info: Making " an active character on input line 561.
Package babel Info: Making . an active character on input line 662.
Package babel Info: Making < an active character on input line 707.
Package babel Info: Making > an active character on input line 707.
)) (C:\Users\AbrahamLIPACALABILLA\AppData\Local\Programs\MiKTeX\tex/latex/amsfonts\amssymb.sty
Package: amssymb 2013/01/14 v3.01 AMS font symbols
 (C:\Users\AbrahamLIPACALABILLA\AppData\Local\Programs\MiKTeX\tex/latex/amsfonts\amsfonts.sty
Package: amsfonts 2013/01/14 v3.01 Basic AMSFonts support
\@emptytoks=\toks19
\symAMSa=\mathgroup4
\symAMSb=\mathgroup5
LaTeX Font Info:    Redeclaring math symbol \hbar on input line 98.
LaTeX Font Info:    Overwriting math alphabet `\mathfrak' in version `bold'
(Font)                  U/euf/m/n --> U/euf/b/n on input line 106.
)) (C:\Users\AbrahamLIPACALABILLA\AppData\Local\Programs\MiKTeX\tex/latex/lineno\lineno.sty
Package: lineno 2005/11/02 line numbers on paragraphs v4.41
\linenopenalty=\count193
\output=\toks20
\linenoprevgraf=\count194
\linenumbersep=\dimen147
\linenumberwidth=\dimen148
\c@linenumber=\count195
\c@pagewiselinenumber=\count196
\c@LN@truepage=\count197
\c@internallinenumber=\count198
\c@internallinenumbers=\count199
\quotelinenumbersep=\dimen149
\bframerule=\dimen150
\bframesep=\dimen151
\bframebox=\box53
LaTeX Info: Redefining \\ on input line 3056.
) (C:\Users\AbrahamLIPACALABILLA\AppData\Local\Programs\MiKTeX\tex/latex/base\inputenc.sty
Package: inputenc 2020/08/01 v1.3d Input encoding file
\inpenc@prehook=\toks21
\inpenc@posthook=\toks22
) (C:\Users\AbrahamLIPACALABILLA\AppData\Local\Programs\MiKTeX\tex/latex/url\url.sty
\Urlmuskip=\muskip16
Package: url 2013/09/16  ver 3.4  Verb mode for urls, etc.
) (C:\Users\AbrahamLIPACALABILLA\AppData\Local\Programs\MiKTeX\tex/latex/l3backend\l3backend-pdftex.def
File: l3backend-pdftex.def 2020-09-24 L3 backend support: PDF output (pdfTeX)
\l__kernel_color_stack_int=\count266
\l__pdf_internal_box=\box54
) (d:/Escritorio\upt\calidad_y_pruebas_de_software\1\trabajos\Trabajo-Final-Unidad-I-Proyecto-Temp\build\Trabajo-Final-Unidad-I.aux
LaTeX Info: Redefining \. on input line 8.
LaTeX Info: Redefining \% on input line 8.
)
\openout1 = `Trabajo-Final-Unidad-I.aux'.

LaTeX Font Info:    Checking defaults for OML/cmm/m/it on input line 12.
LaTeX Font Info:    ... okay on input line 12.
LaTeX Font Info:    Checking defaults for OMS/cmsy/m/n on input line 12.
LaTeX Font Info:    ... okay on input line 12.
LaTeX Font Info:    Checking defaults for OT1/cmr/m/n on input line 12.
LaTeX Font Info:    ... okay on input line 12.
LaTeX Font Info:    Checking defaults for T1/cmr/m/n on input line 12.
LaTeX Font Info:    ... okay on input line 12.
LaTeX Font Info:    Checking defaults for TS1/cmr/m/n on input line 12.
LaTeX Font Info:    ... okay on input line 12.
LaTeX Font Info:    Checking defaults for OMX/cmex/m/n on input line 12.
LaTeX Font Info:    ... okay on input line 12.
LaTeX Font Info:    Checking defaults for U/cmr/m/n on input line 12.
LaTeX Font Info:    ... okay on input line 12.
 (C:\Users\AbrahamLIPACALABILLA\AppData\Local\Programs\MiKTeX\tex/context/base/mkii\supp-pdf.mkii
[Loading MPS to PDF converter (version 2006.09.02).]
\scratchcounter=\count267
\scratchdimen=\dimen152
\scratchbox=\box55
\nofMPsegments=\count268
\nofMParguments=\count269
\everyMPshowfont=\toks23
\MPscratchCnt=\count270
\MPscratchDim=\dimen153
\MPnumerator=\count271
\makeMPintoPDFobject=\count272
\everyMPtoPDFconversion=\toks24
) (C:\Users\AbrahamLIPACALABILLA\AppData\Local\Programs\MiKTeX\tex/latex/epstopdf-pkg\epstopdf-base.sty
Package: epstopdf-base 2020-01-24 v2.11 Base part for package epstopdf
Package epstopdf-base Info: Redefining graphics rule for `.eps' on input line 485.
)
LaTeX Info: Redefining \. on input line 12.
LaTeX Info: Redefining \% on input line 12.
LaTeX Font Info:    Trying to load font information for U+msa on input line 32.
 (C:\Users\AbrahamLIPACALABILLA\AppData\Local\Programs\MiKTeX\tex/latex/amsfonts\umsa.fd
File: umsa.fd 2013/01/14 v3.01 AMS symbols A
)
LaTeX Font Info:    Trying to load font information for U+msb on input line 32.
 (C:\Users\AbrahamLIPACALABILLA\AppData\Local\Programs\MiKTeX\tex/latex/amsfonts\umsb.fd
File: umsb.fd 2013/01/14 v3.01 AMS symbols B
)
Overfull \hbox (2.61108pt too wide) has occurred while \output is active
[] 
 []

[1


{C:/Users/AbrahamLIPACALABILLA/AppData/Local/MiKTeX/pdftex/config/pdftex.map}] [2] [3] [4] [5]
<./imagen/Screenshot_2020-10-30 Code.png, id=23, 1333.98375pt x 467.7475pt>
File: ./imagen/Screenshot_2020-10-30 Code.png Graphic file (type png)
<use ./imagen/Screenshot_2020-10-30 Code.png>
Package pdftex.def Info: ./imagen/Screenshot_2020-10-30 Code.png  used on input line 134.
(pdftex.def)             Requested size: 341.43306pt x 119.72011pt.
<./imagen/5.png, id=25, 447.92343pt x 180.675pt>
File: ./imagen/5.png Graphic file (type png)
<use ./imagen/5.png>
Package pdftex.def Info: ./imagen/5.png  used on input line 147.
(pdftex.def)             Requested size: 341.43306pt x 137.72519pt.
 [6 <./imagen/Screenshot_2020-10-30 Code.png>]
<./imagen/Screenshot_3.png, id=30, 328.22626pt x 124.96687pt>
File: ./imagen/Screenshot_3.png Graphic file (type png)
<use ./imagen/Screenshot_3.png>
Package pdftex.def Info: ./imagen/Screenshot_3.png  used on input line 154.
(pdftex.def)             Requested size: 341.43306pt x 129.9968pt.
<./imagen/Screenshot_4.png, id=31, 345.54094pt x 299.61937pt>
File: ./imagen/Screenshot_4.png Graphic file (type png)
<use ./imagen/Screenshot_4.png>
Package pdftex.def Info: ./imagen/Screenshot_4.png  used on input line 159.
(pdftex.def)             Requested size: 341.43306pt x 296.06175pt.
 [7 <./imagen/5.png> <./imagen/Screenshot_3.png>]
<./imagen/Screenshot_7.png, id=38, 420.82219pt x 95.6072pt>
File: ./imagen/Screenshot_7.png Graphic file (type png)
<use ./imagen/Screenshot_7.png>
Package pdftex.def Info: ./imagen/Screenshot_7.png  used on input line 163.
(pdftex.def)             Requested size: 341.43306pt x 77.57123pt.
<./imagen/Screenshot_6.png, id=39, 471.26062pt x 182.93344pt>
File: ./imagen/Screenshot_6.png Graphic file (type png)
<use ./imagen/Screenshot_6.png>
Package pdftex.def Info: ./imagen/Screenshot_6.png  used on input line 167.
(pdftex.def)             Requested size: 341.43306pt x 132.5382pt.
 [8 <./imagen/Screenshot_4.png> <./imagen/Screenshot_7.png>]
<./imagen/Screenshot_5.png, id=45, 460.72125pt x 167.87718pt>
File: ./imagen/Screenshot_5.png Graphic file (type png)
<use ./imagen/Screenshot_5.png>
Package pdftex.def Info: ./imagen/Screenshot_5.png  used on input line 171.
(pdftex.def)             Requested size: 341.43306pt x 124.40904pt.
<./imagen/Screenshot_8.png, id=46, 613.54219pt x 390.70969pt>
File: ./imagen/Screenshot_8.png Graphic file (type png)
<use ./imagen/Screenshot_8.png>
Package pdftex.def Info: ./imagen/Screenshot_8.png  used on input line 176.
(pdftex.def)             Requested size: 341.43306pt x 217.43068pt.
<./imagen/Screenshot_2020-10-31 ProyectoSistemaDiagnosticoMedico Team Stories Board - Boards.png, id=47, 1330.9725pt x 737.75626pt>
File: ./imagen/Screenshot_2020-10-31 ProyectoSistemaDiagnosticoMedico Team Stories Board - Boards.png Graphic file (type png)
<use ./imagen/Screenshot_2020-10-31 ProyectoSistemaDiagnosticoMedico Team Stories Board - Boards.png>
Package pdftex.def Info: ./imagen/Screenshot_2020-10-31 ProyectoSistemaDiagnosticoMedico Team Stories Board - Boards.png  used on input line 182.
(pdftex.def)             Requested size: 341.43306pt x 189.24545pt.
 [9 <./imagen/Screenshot_6.png> <./imagen/Screenshot_5.png> <./imagen/Screenshot_8.png>] [10 <./imagen/Screenshot_2020-10-31 ProyectoSistemaDiagnosticoMedico Team Stories Board - Boards.png>] (d:/Escritorio\upt\calidad_y_pruebas_de_software\1\trabajos\Trabajo-Final-Unidad-I-Proyecto-Temp\build\Trabajo-Final-Unidad-I.aux
LaTeX Info: Redefining \. on input line 8.
LaTeX Info: Redefining \% on input line 8.
) ) 
Here is how much of TeX's memory you used:
 3841 strings out of 480236
 55926 string characters out of 2873432
 339631 words of memory out of 3000000
 20357 multiletter control sequences out of 15000+200000
 541690 words of font info for 53 fonts, out of 3000000 for 9000
 1141 hyphenation exceptions out of 8191
 72i,5n,77p,818b,361s stack positions out of 5000i,500n,10000p,200000b,50000s
<C:/Users/AbrahamLIPACALABILLA/AppData/Local/Programs/MiKTeX/fonts/type1/public/amsfonts/cm/cmbx12.pfb><C:/Users/AbrahamLIPACALABILLA/AppData/Local/Programs/MiKTeX/fonts/type1/public/amsfonts/cm/cmbxti10.pfb><C:/Users/AbrahamLIPACALABILLA/AppData/Local/Programs/MiKTeX/fonts/type1/public/amsfonts/cm/cmr12.pfb><C:/Users/AbrahamLIPACALABILLA/AppData/Local/Programs/MiKTeX/fonts/type1/public/amsfonts/cm/cmr17.pfb><C:/Users/AbrahamLIPACALABILLA/AppData/Local/Programs/MiKTeX/fonts/type1/public/amsfonts/cm/cmti10.pfb><C:/Users/AbrahamLIPACALABILLA/AppData/Local/Programs/MiKTeX/fonts/type1/public/amsfonts/cm/cmti12.pfb>
Output written on d:/Escritorio\upt\calidad_y_pruebas_de_software\1\trabajos\Trabajo-Final-Unidad-I-Proyecto-Temp\build\Trabajo-Final-Unidad-I.pdf (10 pages, 215151 bytes).
PDF statistics:
 78 PDF objects out of 1000 (max. 8388607)
 0 named destinations out of 1000 (max. 500000)
 46 words of extra memory for PDF output out of 10000 (max. 10000000)

